<?xml version="1.0" encoding="UTF-8"?>
<!-- Generated by org.testng.reporters.JUnitReportReporter -->
<testsuite skipped="0" hostname="DESKTOP-S17FE0V" name="com.sgic.automation.pagetests.LoginTest" tests="1" failures="0" timestamp="24 Nov 2018 12:32:00 GMT" time="2.257" errors="0">
  <testcase name="veryfyAdminLogin" time="2.257" classname="com.sgic.automation.pagetests.LoginTest"/>
</testsuite> <!-- com.sgic.automation.pagetests.LoginTest -->
