<?xml version="1.0" encoding="UTF-8"?>
<!-- Generated by org.testng.reporters.JUnitReportReporter -->
<testsuite skipped="0" hostname="DESKTOP-0GF57D2" name="demo.SimpleTest" tests="1" failures="0" timestamp="24 Nov 2018 06:37:32 GMT" time="11.341" errors="0">
  <testcase name="testOrangeHRM" time="11.341" classname="demo.SimpleTest"/>
</testsuite> <!-- demo.SimpleTest -->
