<?xml version="1.0" encoding="UTF-8"?>
<!-- Generated by org.testng.reporters.JUnitReportReporter -->
<testsuite skipped="0" hostname="DESKTOP-0GF57D2" name="com.sgic.automation.demo.test.LoginTest" tests="1" failures="0" timestamp="24 Nov 2018 10:56:54 GMT" time="25.387" errors="0">
  <testcase name="testOrangeHRM" time="25.387" classname="com.sgic.automation.demo.test.LoginTest"/>
</testsuite> <!-- com.sgic.automation.demo.test.LoginTest -->
