<?xml version="1.0" encoding="UTF-8"?>
<!-- Generated by org.testng.reporters.JUnitReportReporter -->
<testsuite skipped="0" hostname="DESKTOP-S17FE0V" name="com.sgic.automation.pagetests.UserMangementPageTest" tests="1" failures="0" timestamp="24 Nov 2018 12:54:01 GMT" time="5.804" errors="0">
  <testcase name="veryfyLoadUserMangement" time="5.804" classname="com.sgic.automation.pagetests.UserMangementPageTest"/>
</testsuite> <!-- com.sgic.automation.pagetests.UserMangementPageTest -->
